2014-07-31 20:19:32,790 INFO org.apache.hadoop.hdfs.server.namenode.NameNode: STARTUP_MSG: 
/************************************************************
STARTUP_MSG: Starting NameNode
STARTUP_MSG:   host = localhost/127.0.0.1
STARTUP_MSG:   args = []
STARTUP_MSG:   version = 1.0.4-SNAPSHOT
STARTUP_MSG:   build = git://localhost/ on branch master -r 809149003ff56389dd7c94f07b689d795ec9f519; compiled by 'cokez' on Thu Jul 31 20:18:38 HKT 2014
************************************************************/
2014-07-31 20:19:32,909 INFO org.apache.hadoop.metrics2.impl.MetricsConfig: loaded properties from hadoop-metrics2.properties
2014-07-31 20:19:32,917 INFO org.apache.hadoop.metrics2.impl.MetricsSourceAdapter: MBean for source MetricsSystem,sub=Stats registered.
2014-07-31 20:19:32,917 INFO org.apache.hadoop.metrics2.impl.MetricsSystemImpl: Scheduled snapshot period at 10 second(s).
2014-07-31 20:19:32,917 INFO org.apache.hadoop.metrics2.impl.MetricsSystemImpl: NameNode metrics system started
2014-07-31 20:19:33,035 INFO org.apache.hadoop.metrics2.impl.MetricsSourceAdapter: MBean for source ugi registered.
2014-07-31 20:19:33,038 WARN org.apache.hadoop.metrics2.impl.MetricsSystemImpl: Source name ugi already exists!
2014-07-31 20:19:33,041 INFO org.apache.hadoop.metrics2.impl.MetricsSourceAdapter: MBean for source jvm registered.
2014-07-31 20:19:33,041 INFO org.apache.hadoop.metrics2.impl.MetricsSourceAdapter: MBean for source NameNode registered.
2014-07-31 20:19:33,051 INFO org.apache.hadoop.hdfs.util.GSet: VM type       = 64-bit
2014-07-31 20:19:33,051 INFO org.apache.hadoop.hdfs.util.GSet: 2% max memory = 17.77875 MB
2014-07-31 20:19:33,052 INFO org.apache.hadoop.hdfs.util.GSet: capacity      = 2^21 = 2097152 entries
2014-07-31 20:19:33,052 INFO org.apache.hadoop.hdfs.util.GSet: recommended=2097152, actual=2097152
2014-07-31 20:19:33,065 INFO org.apache.hadoop.hdfs.server.namenode.FSNamesystem: fsOwner=cokez
2014-07-31 20:19:33,065 INFO org.apache.hadoop.hdfs.server.namenode.FSNamesystem: supergroup=supergroup
2014-07-31 20:19:33,065 INFO org.apache.hadoop.hdfs.server.namenode.FSNamesystem: isPermissionEnabled=true
2014-07-31 20:19:33,068 INFO org.apache.hadoop.hdfs.server.namenode.FSNamesystem: dfs.block.invalidate.limit=100
2014-07-31 20:19:33,068 INFO org.apache.hadoop.hdfs.server.namenode.FSNamesystem: isAccessTokenEnabled=false accessKeyUpdateInterval=0 min(s), accessTokenLifetime=0 min(s)
2014-07-31 20:19:33,078 INFO org.apache.hadoop.hdfs.server.namenode.FSNamesystem: Registered FSNamesystemStateMBean and NameNodeMXBean
2014-07-31 20:19:33,089 INFO org.apache.hadoop.hdfs.server.namenode.NameNode: Caching file names occuring more than 10 times 
2014-07-31 20:19:33,094 INFO org.apache.hadoop.hdfs.server.common.Storage: Image file of size 24 loaded in 0 seconds.
2014-07-31 20:19:33,095 INFO org.apache.hadoop.hdfs.server.common.Storage: Image file of size 24 saved in 0 seconds.
2014-07-31 20:19:33,647 INFO org.apache.hadoop.hdfs.server.common.Storage: Image file of size 24 saved in 0 seconds.
2014-07-31 20:19:34,251 INFO org.apache.hadoop.hdfs.server.namenode.NameCache: initialized with 0 entries 0 lookups
2014-07-31 20:19:34,251 INFO org.apache.hadoop.hdfs.server.namenode.FSNamesystem: Finished loading FSImage in 1192 msecs
2014-07-31 20:19:34,258 INFO org.apache.hadoop.hdfs.server.namenode.FSNamesystem: Total number of blocks = 0
2014-07-31 20:19:34,258 INFO org.apache.hadoop.hdfs.server.namenode.FSNamesystem: Number of invalid blocks = 0
2014-07-31 20:19:34,258 INFO org.apache.hadoop.hdfs.server.namenode.FSNamesystem: Number of under-replicated blocks = 0
2014-07-31 20:19:34,258 INFO org.apache.hadoop.hdfs.server.namenode.FSNamesystem: Number of  over-replicated blocks = 0
2014-07-31 20:19:34,258 INFO org.apache.hadoop.hdfs.StateChange: STATE* Safe mode termination scan for invalid, over- and under-replicated blocks completed in 6 msec
2014-07-31 20:19:34,258 INFO org.apache.hadoop.hdfs.StateChange: STATE* Leaving safe mode after 1 secs.
2014-07-31 20:19:34,258 INFO org.apache.hadoop.hdfs.StateChange: STATE* Network topology has 0 racks and 0 datanodes
2014-07-31 20:19:34,258 INFO org.apache.hadoop.hdfs.StateChange: STATE* UnderReplicatedBlocks has 0 blocks
2014-07-31 20:19:34,265 INFO org.apache.hadoop.hdfs.server.namenode.FSNamesystem: ReplicateQueue QueueProcessingStatistics: First cycle completed 0 blocks in 0 msec
2014-07-31 20:19:34,265 INFO org.apache.hadoop.hdfs.server.namenode.FSNamesystem: ReplicateQueue QueueProcessingStatistics: Queue flush completed 0 blocks in 0 msec processing time, 0 msec clock time, 1 cycles
2014-07-31 20:19:34,265 INFO org.apache.hadoop.hdfs.server.namenode.FSNamesystem: InvalidateQueue QueueProcessingStatistics: First cycle completed 0 blocks in 0 msec
2014-07-31 20:19:34,265 INFO org.apache.hadoop.hdfs.server.namenode.FSNamesystem: InvalidateQueue QueueProcessingStatistics: Queue flush completed 0 blocks in 0 msec processing time, 0 msec clock time, 1 cycles
2014-07-31 20:19:34,265 INFO org.apache.hadoop.util.HostsFileReader: Refreshing hosts (include/exclude) list
2014-07-31 20:19:34,268 INFO org.apache.hadoop.metrics2.impl.MetricsSourceAdapter: MBean for source FSNamesystemMetrics registered.
2014-07-31 20:19:34,281 INFO org.apache.hadoop.ipc.Server: Starting SocketReader
2014-07-31 20:19:34,283 INFO org.apache.hadoop.metrics2.impl.MetricsSourceAdapter: MBean for source RpcDetailedActivityForPort54310 registered.
2014-07-31 20:19:34,283 INFO org.apache.hadoop.metrics2.impl.MetricsSourceAdapter: MBean for source RpcActivityForPort54310 registered.
2014-07-31 20:19:34,286 INFO org.apache.hadoop.hdfs.server.namenode.NameNode: Namenode up at: localhost/127.0.0.1:54310
2014-07-31 20:19:39,410 INFO org.mortbay.log: Logging to org.slf4j.impl.Log4jLoggerAdapter(org.mortbay.log) via org.mortbay.log.Slf4jLog
2014-07-31 20:19:39,449 INFO org.apache.hadoop.http.HttpServer: Added global filtersafety (class=org.apache.hadoop.http.HttpServer$QuotingInputFilter)
2014-07-31 20:19:39,457 INFO org.apache.hadoop.http.HttpServer: dfs.webhdfs.enabled = false
2014-07-31 20:19:39,462 INFO org.apache.hadoop.http.HttpServer: Port returned by webServer.getConnectors()[0].getLocalPort() before open() is -1. Opening the listener on 50070
2014-07-31 20:19:39,464 INFO org.apache.hadoop.http.HttpServer: listener.getLocalPort() returned 50070 webServer.getConnectors()[0].getLocalPort() returned 50070
2014-07-31 20:19:39,464 INFO org.apache.hadoop.http.HttpServer: Jetty bound to port 50070
2014-07-31 20:19:39,464 INFO org.mortbay.log: jetty-6.1.26
2014-07-31 20:19:39,680 INFO org.mortbay.log: Started SelectChannelConnector@0.0.0.0:50070
2014-07-31 20:19:39,680 INFO org.apache.hadoop.hdfs.server.namenode.NameNode: Web-server up at: 0.0.0.0:50070
2014-07-31 20:19:39,681 INFO org.apache.hadoop.ipc.Server: IPC Server listener on 54310: starting
2014-07-31 20:19:39,681 INFO org.apache.hadoop.ipc.Server: IPC Server Responder: starting
2014-07-31 20:19:39,682 INFO org.apache.hadoop.ipc.Server: IPC Server handler 0 on 54310: starting
2014-07-31 20:19:39,683 INFO org.apache.hadoop.ipc.Server: IPC Server handler 2 on 54310: starting
2014-07-31 20:19:39,683 INFO org.apache.hadoop.ipc.Server: IPC Server handler 1 on 54310: starting
2014-07-31 20:19:39,683 INFO org.apache.hadoop.ipc.Server: IPC Server handler 3 on 54310: starting
2014-07-31 20:19:39,684 INFO org.apache.hadoop.ipc.Server: IPC Server handler 4 on 54310: starting
2014-07-31 20:19:39,684 INFO org.apache.hadoop.ipc.Server: IPC Server handler 7 on 54310: starting
2014-07-31 20:19:39,684 INFO org.apache.hadoop.ipc.Server: IPC Server handler 6 on 54310: starting
2014-07-31 20:19:39,684 INFO org.apache.hadoop.ipc.Server: IPC Server handler 5 on 54310: starting
2014-07-31 20:19:39,684 INFO org.apache.hadoop.ipc.Server: IPC Server handler 8 on 54310: starting
2014-07-31 20:19:39,684 INFO org.apache.hadoop.ipc.Server: IPC Server handler 9 on 54310: starting
2014-07-31 20:19:42,579 ERROR org.apache.hadoop.security.UserGroupInformation: PriviledgedActionException as:cokez cause:java.io.IOException: File /home/cokez/HadoopRun/mapred/system/jobtracker.info could only be replicated to 0 nodes, instead of 1
2014-07-31 20:19:42,581 INFO org.apache.hadoop.ipc.Server: IPC Server handler 7 on 54310, call addBlock(/home/cokez/HadoopRun/mapred/system/jobtracker.info, DFSClient_825605811, null) from 127.0.0.1:54569: error: java.io.IOException: File /home/cokez/HadoopRun/mapred/system/jobtracker.info could only be replicated to 0 nodes, instead of 1
java.io.IOException: File /home/cokez/HadoopRun/mapred/system/jobtracker.info could only be replicated to 0 nodes, instead of 1
	at org.apache.hadoop.hdfs.server.namenode.FSNamesystem.getAdditionalBlock(FSNamesystem.java:1639)
	at org.apache.hadoop.hdfs.server.namenode.NameNode.addBlock(NameNode.java:746)
	at sun.reflect.NativeMethodAccessorImpl.invoke0(Native Method)
	at sun.reflect.NativeMethodAccessorImpl.invoke(NativeMethodAccessorImpl.java:57)
	at sun.reflect.DelegatingMethodAccessorImpl.invoke(DelegatingMethodAccessorImpl.java:43)
	at java.lang.reflect.Method.invoke(Method.java:606)
	at org.apache.hadoop.ipc.RPC$Server.call(RPC.java:563)
	at org.apache.hadoop.ipc.Server$Handler$1.run(Server.java:1388)
	at org.apache.hadoop.ipc.Server$Handler$1.run(Server.java:1384)
	at java.security.AccessController.doPrivileged(Native Method)
	at javax.security.auth.Subject.doAs(Subject.java:415)
	at org.apache.hadoop.security.UserGroupInformation.doAs(UserGroupInformation.java:1121)
	at org.apache.hadoop.ipc.Server$Handler.run(Server.java:1382)
2014-07-31 20:19:50,653 INFO org.apache.hadoop.hdfs.StateChange: BLOCK* NameSystem.registerDatanode: node registration from 127.0.0.1:50010 storage DS-127.0.0.1-50010
2014-07-31 20:19:50,675 INFO org.apache.hadoop.net.NetworkTopology: Adding a new node: /default-rack/127.0.0.1:50010
2014-07-31 20:19:50,777 INFO org.apache.hadoop.hdfs.StateChange: *BLOCK* NameSystem.processReport: from 127.0.0.1:50010, blocks: 0, processing time: 1 msecs
2014-07-31 20:19:52,642 INFO org.apache.hadoop.hdfs.StateChange: BLOCK* NameSystem.allocateBlock: /home/cokez/HadoopRun/mapred/system/jobtracker.info. blk_-469067317471238306_1002
2014-07-31 20:19:52,694 INFO org.apache.hadoop.hdfs.StateChange: BLOCK* NameSystem.addStoredBlock: blockMap updated: 127.0.0.1:50010 is added to blk_-469067317471238306_1002 size 4
2014-07-31 20:19:52,696 INFO org.apache.hadoop.hdfs.StateChange: Removing lease on  file /home/cokez/HadoopRun/mapred/system/jobtracker.info from client DFSClient_825605811
2014-07-31 20:19:52,697 INFO org.apache.hadoop.hdfs.StateChange: DIR* NameSystem.completeFile: file /home/cokez/HadoopRun/mapred/system/jobtracker.info is closed by DFSClient_825605811
2014-07-31 20:20:06,901 INFO org.apache.hadoop.hdfs.StateChange: BLOCK* NameSystem.allocateBlock: /user/cokez. blk_8817174851843073621_1003
2014-07-31 20:20:06,930 INFO org.apache.hadoop.hdfs.StateChange: BLOCK* NameSystem.addStoredBlock: blockMap updated: 127.0.0.1:50010 is added to blk_8817174851843073621_1003 size 1366
2014-07-31 20:20:06,931 INFO org.apache.hadoop.hdfs.StateChange: Removing lease on  file /user/cokez from client DFSClient_-1045735706
2014-07-31 20:20:06,932 INFO org.apache.hadoop.hdfs.StateChange: DIR* NameSystem.completeFile: file /user/cokez is closed by DFSClient_-1045735706
